<?xml version="1.0" encoding="UTF-8"?>
<!-- Generated by org.testng.reporters.JUnitXMLReporter -->
<testsuite hostname="WINVA185060-0WA" ignored="2" name="Test" tests="2" failures="1" timestamp="26 Jan 2021 04:59:41 GMT" time="5.565" errors="0">
  <testcase name="eom" time="1.321" classname="com.sag.pos.EomTest"/>
  <testcase name="sale" time="0.001" classname="com.sag.pos.PostTest">
    <failure type="java.lang.NullPointerException">
      <![CDATA[java.lang.NullPointerException
at com.sag.pos.PostTest.sale(PostTest.java:12)
... Removed 25 stack frames]]>
    </failure>
  </testcase> <!-- sale -->
  <testcase name="@BeforeTest installation" time="0.0" classname="com.sag.base.BaseClass">
    <ignored/>
  </testcase> <!-- @BeforeTest installation -->
  <testcase name="@AfterTest teardown" time="0.0" classname="com.sag.base.BaseClass">
    <ignored/>
  </testcase> <!-- @AfterTest teardown -->
</testsuite> <!-- Test -->
