<?xml version="1.0" encoding="UTF-8"?>
<!-- Generated by org.testng.reporters.JUnitXMLReporter -->
<testsuite hostname="WINVA185060-0WA" ignored="0" name="Test" tests="3" failures="1" timestamp="26 Jan 2021 15:55:18 GMT" time="7.353" errors="0">
  <testcase name="eom" time="1.323" classname="com.sag.pos.EomTest"/>
  <testcase name="returnpos" time="1.285" classname="com.sag.pos.PostTest">
    <failure type="java.lang.AssertionError" message="expected [true] but found [false]">
      <![CDATA[java.lang.AssertionError: expected [true] but found [false]
at com.sag.pos.PostTest.returnpos(PostTest.java:34)
... Removed 29 stack frames]]>
    </failure>
  </testcase> <!-- returnpos -->
  <testcase name="sale" time="1.286" classname="com.sag.pos.PostTest"/>
</testsuite> <!-- Test -->
