<?xml version="1.0" encoding="UTF-8"?>
<testng-results skipped="0" failed="0" ignored="0" total="2" passed="2">
  <reporter-output>
  </reporter-output>
  <suite name="Suite" duration-ms="509" started-at="2021-01-26T14:35:18Z" finished-at="2021-01-26T14:35:19Z">
    <groups>
    </groups>
    <test name="Test" duration-ms="509" started-at="2021-01-26T14:35:18Z" finished-at="2021-01-26T14:35:19Z">
      <class name="com.sag.dataprovider.TestDataProvider">
        <test-method status="PASS" signature="testExceldata(java.lang.String, java.lang.String)[pri:0, instance:com.sag.dataprovider.TestDataProvider@1bce4f0a]" name="testExceldata" duration-ms="7" started-at="2021-01-26T14:35:19Z" data-provider="excelData" finished-at="2021-01-26T14:35:19Z">
          <params>
            <param index="0">
              <value>
                <![CDATA[user]]>
              </value>
            </param>
            <param index="1">
              <value>
                <![CDATA[password]]>
              </value>
            </param>
          </params>
          <reporter-output>
          </reporter-output>
        </test-method> <!-- testExceldata -->
        <test-method status="PASS" signature="testExceldata(java.lang.String, java.lang.String)[pri:0, instance:com.sag.dataprovider.TestDataProvider@1bce4f0a]" name="testExceldata" duration-ms="1" started-at="2021-01-26T14:35:19Z" data-provider="excelData" finished-at="2021-01-26T14:35:19Z">
          <params>
            <param index="0">
              <value>
                <![CDATA[Sagar]]>
              </value>
            </param>
            <param index="1">
              <value>
                <![CDATA[allu]]>
              </value>
            </param>
          </params>
          <reporter-output>
          </reporter-output>
        </test-method> <!-- testExceldata -->
      </class> <!-- com.sag.dataprovider.TestDataProvider -->
    </test> <!-- Test -->
  </suite> <!-- Suite -->
</testng-results>
