<?xml version="1.0" encoding="UTF-8"?>
<testng-results skipped="0" failed="0" ignored="0" total="2" passed="2">
  <reporter-output>
  </reporter-output>
  <suite name="Suite" duration-ms="32" started-at="2020-11-26T05:34:19Z" finished-at="2020-11-26T05:34:19Z">
    <groups>
    </groups>
    <test name="Test" duration-ms="32" started-at="2020-11-26T05:34:19Z" finished-at="2020-11-26T05:34:19Z">
      <class name="com.sag.pos.PostTest">
        <test-method status="PASS" signature="sale()[pri:0, instance:com.sag.pos.PostTest@77caeb3e]" name="sale" duration-ms="0" started-at="2020-11-26T05:34:19Z" finished-at="2020-11-26T05:34:19Z">
          <reporter-output>
          </reporter-output>
        </test-method> <!-- sale -->
      </class> <!-- com.sag.pos.PostTest -->
      <class name="com.sag.pos.EomTest">
        <test-method status="PASS" signature="installation()[pri:0, instance:com.sag.pos.EomTest@66a3ffec]" name="installation" is-config="true" duration-ms="0" started-at="2020-11-26T05:34:19Z" finished-at="2020-11-26T05:34:19Z">
          <reporter-output>
          </reporter-output>
        </test-method> <!-- installation -->
        <test-method status="PASS" signature="eom()[pri:0, instance:com.sag.pos.EomTest@66a3ffec]" name="eom" duration-ms="0" started-at="2020-11-26T05:34:19Z" finished-at="2020-11-26T05:34:19Z">
          <reporter-output>
          </reporter-output>
        </test-method> <!-- eom -->
      </class> <!-- com.sag.pos.EomTest -->
    </test> <!-- Test -->
  </suite> <!-- Suite -->
</testng-results>
